生成启动时间为 2016/5/14 16:29:37。
     1>项目“C:\WorkFile\DoSomeThing\qucs资料\swiee0430\swiee\swiee\dialogs\libdialogs.vcxproj”在节点 5 上(build 个目标)。
     1>InitializeBuildStatus:
         正在创建“.\Dbg\libdialogs.unsuccessfulbuild”，因为已指定“AlwaysCreate”。
       CustomBuild:
         MOC'ing changedialog.h ...
         MOC'ing digisettingsdialog.h ...
         MOC'ing importdialog.h ...
         MOC'ing labeldialog.h ...
         MOC'ing librarydialog.h ...
         MOC'ing matchdialog.h ...
         MOC'ing packagedialog.h ...
         MOC'ing savedialog.h ...
         MOC'ing searchdialog.h ...
         MOC'ing settingsdialog.h ...
         MOC'ing swieesettingsdialog.h ...
         MOC'ing simmessage.h ...
         MOC'ing sweepdialog.h ...
         MOC'ing vasettingsdialog.h ...
         MOC'ing vtabbar.h ...
         MOC'ing vtabbeddockwidget.h ...
         MOC'ing vtabbutton.h ...
         MOC'ing vtabwidget.h ...
         MOC'ing exportdialog.h ...
         MOC'ing loaddialog.h ...
         MOC'ing newprojdialog.h ...
       ClCompile:
         d:\Program Files (x86)\Microsoft Visual Studio 10.0\VC\bin\CL.exe /c /I.. /I../.. /ZI /nologo /W3 /WX- /Od /Oy- /D WIN32 /D _DEBUG /D _WINDOWS /D __MINGW32__ /D __STDC__=0 /D QT_THREAD_SUPPORT /D _REENTRANT /D UNICODE /D QT_DLL /D DEBUG /D QT3_SUPPORT /D "PACKAGE_VERSION=\"0.0.18\"" /D _VC80_UPGRADE=0x0600 /Gm- /EHsc /MDd /GS /Gy- /fp:precise /Zc:wchar_t /Zc:forScope /Fo".\Dbg\\" /Fd".\Dbg\vc100.pdb" /Gd /TP /analyze- /errorReport:prompt changedialog.moc.cpp digisettingsdialog.moc.cpp exportdialog.moc.cpp importdialog.cpp importdialog.moc.cpp labeldialog.moc.cpp librarydialog.cpp librarydialog.moc.cpp loaddialog.cpp loaddialog.moc.cpp matchdialog.cpp matchdialog.moc.cpp newprojdialog.moc.cpp packagedialog.cpp packagedialog.moc.cpp savedialog.cpp savedialog.moc.cpp searchdialog.cpp searchdialog.moc.cpp settingsdialog.cpp settingsdialog.moc.cpp simmessage.cpp simmessage.moc.cpp sweepdialog.cpp sweepdialog.moc.cpp swieesettingsdialog.cpp swieesettingsdialog.moc.cpp vasettingsdialog.moc.cpp vtabbar.moc.cpp vtabbeddockwidget.moc.cpp vtabbutton.moc.cpp vtabwidget.moc.cpp
         changedialog.moc.cpp
         digisettingsdialog.moc.cpp
         exportdialog.moc.cpp
         importdialog.cpp
         importdialog.moc.cpp
         labeldialog.moc.cpp
         librarydialog.cpp
         librarydialog.moc.cpp
         loaddialog.cpp
         loaddialog.moc.cpp
         matchdialog.cpp
         matchdialog.moc.cpp
         newprojdialog.moc.cpp
         packagedialog.cpp
     1>c:\workfile\dosomething\qucs资料\swiee0430\swiee\swiee\dialogs\packagedialog.cpp(168): warning C4996: 'strcpy': This function or variable may be unsafe. Consider using strcpy_s instead. To disable deprecation, use _CRT_SECURE_NO_WARNINGS. See online help for details.
                 d:\program files (x86)\microsoft visual studio 10.0\vc\include\string.h(105) : 参见“strcpy”的声明
     1>c:\workfile\dosomething\qucs资料\swiee0430\swiee\swiee\dialogs\packagedialog.cpp(272): warning C4996: 'strcpy': This function or variable may be unsafe. Consider using strcpy_s instead. To disable deprecation, use _CRT_SECURE_NO_WARNINGS. See online help for details.
                 d:\program files (x86)\microsoft visual studio 10.0\vc\include\string.h(105) : 参见“strcpy”的声明
         packagedialog.moc.cpp
         savedialog.cpp
         savedialog.moc.cpp
         searchdialog.cpp
         searchdialog.moc.cpp
         settingsdialog.cpp
         正在生成代码...
         正在编译...
         settingsdialog.moc.cpp
         simmessage.cpp
     1>c:\workfile\dosomething\qucs资料\swiee0430\swiee\swiee\dialogs\simmessage.cpp(700): warning C4101: “z”: 未引用的局部变量
         simmessage.moc.cpp
         sweepdialog.cpp
         sweepdialog.moc.cpp
         swieesettingsdialog.cpp
         swieesettingsdialog.moc.cpp
         vasettingsdialog.moc.cpp
         vtabbar.moc.cpp
         vtabbeddockwidget.moc.cpp
         vtabbutton.moc.cpp
         vtabwidget.moc.cpp
         正在生成代码...
       Lib:
         d:\Program Files (x86)\Microsoft Visual Studio 10.0\VC\bin\Lib.exe /OUT:".\Dbg\libdialogs.lib" /NOLOGO .\Dbg\changedialog.obj
         .\Dbg\changedialog.moc.obj
         .\Dbg\digisettingsdialog.obj
         .\Dbg\digisettingsdialog.moc.obj
         .\Dbg\exportdialog.obj
         .\Dbg\exportdialog.moc.obj
         .\Dbg\importdialog.obj
         .\Dbg\importdialog.moc.obj
         .\Dbg\labeldialog.obj
         .\Dbg\labeldialog.moc.obj
         .\Dbg\librarydialog.obj
         .\Dbg\librarydialog.moc.obj
         .\Dbg\loaddialog.obj
         .\Dbg\loaddialog.moc.obj
         .\Dbg\matchdialog.obj
         .\Dbg\matchdialog.moc.obj
         .\Dbg\newprojdialog.obj
         .\Dbg\newprojdialog.moc.obj
         .\Dbg\packagedialog.obj
         .\Dbg\packagedialog.moc.obj
         .\Dbg\swieesettingsdialog.obj
         .\Dbg\swieesettingsdialog.moc.obj
         .\Dbg\savedialog.obj
         .\Dbg\savedialog.moc.obj
         .\Dbg\searchdialog.obj
         .\Dbg\searchdialog.moc.obj
         .\Dbg\settingsdialog.obj
         .\Dbg\settingsdialog.moc.obj
         .\Dbg\simmessage.obj
         .\Dbg\simmessage.moc.obj
         .\Dbg\sweepdialog.obj
         .\Dbg\sweepdialog.moc.obj
         .\Dbg\vasettingsdialog.obj
         .\Dbg\vasettingsdialog.moc.obj
         .\Dbg\vtabbar.obj
         .\Dbg\vtabbar.moc.obj
         .\Dbg\vtabbeddockwidget.obj
         .\Dbg\vtabbeddockwidget.moc.obj
         .\Dbg\vtabbutton.obj
         .\Dbg\vtabbutton.moc.obj
         .\Dbg\vtabwidget.obj
         .\Dbg\vtabwidget.moc.obj
         libdialogs.vcxproj -> C:\WorkFile\DoSomeThing\qucs资料\swiee0430\swiee\swiee\dialogs\.\Dbg\libdialogs.lib
       FinalizeBuildStatus:
         正在删除文件“.\Dbg\libdialogs.unsuccessfulbuild”。
         正在对“.\Dbg\libdialogs.lastbuildstate”执行 Touch 任务。
     1>已完成生成项目“C:\WorkFile\DoSomeThing\qucs资料\swiee0430\swiee\swiee\dialogs\libdialogs.vcxproj”(build 个目标)的操作。

生成成功。

已用时间 00:01:47.91
