生成启动时间为 2016/5/14 16:29:36。
     1>项目“C:\WorkFile\DoSomeThing\qucs资料\swiee0430\swiee\swiee\diagrams\libdiagrams.vcxproj”在节点 3 上(build 个目标)。
     1>InitializeBuildStatus:
         正在创建“.\Dbg\libdiagrams.unsuccessfulbuild”，因为已指定“AlwaysCreate”。
       CustomBuild:
         MOC'ing diagramdialog.h ...
         MOC'ing markerdialog.h ...
       ClCompile:
         d:\Program Files (x86)\Microsoft Visual Studio 10.0\VC\bin\CL.exe /c /I.. /I../.. /ZI /nologo /W3 /WX- /Od /Oy- /D WIN32 /D _DEBUG /D _WINDOWS /D __MINGW32__ /D __STDC__=0 /D QT_THREAD_SUPPORT /D _REENTRANT /D UNICODE /D QT_DLL /D DEBUG /D QT3_SUPPORT /D _VC80_UPGRADE=0x0600 /Gm- /EHsc /MDd /GS /Gy- /fp:precise /Zc:wchar_t /Zc:forScope /Fo".\Dbg\\" /Fd".\Dbg\vc100.pdb" /Gd /TP /analyze- /errorReport:prompt animatediagram.cpp curvediagram.cpp diagram.cpp diagramdialog.cpp diagramdialog.moc.cpp marker.cpp markerdialog.moc.cpp rect3ddiagram.cpp rectdiagram.cpp richdiagram.cpp tabdiagram.cpp timingdiagram.cpp truthdiagram.cpp
         animatediagram.cpp
         curvediagram.cpp
         diagram.cpp
         diagramdialog.cpp
         diagramdialog.moc.cpp
         marker.cpp
         markerdialog.moc.cpp
         rect3ddiagram.cpp
     1>c:\workfile\dosomething\qucs资料\swiee0430\swiee\swiee\diagrams\rect3ddiagram.cpp(720): warning C4305: “参数”: 从“Qt::Dock”到“bool”截断
         rectdiagram.cpp
         richdiagram.cpp
         tabdiagram.cpp
         timingdiagram.cpp
         truthdiagram.cpp
         正在生成代码...
       Lib:
         d:\Program Files (x86)\Microsoft Visual Studio 10.0\VC\bin\Lib.exe /OUT:".\Dbg\libdiagrams.lib" /NOLOGO .\Dbg\animatediagram.obj
         .\Dbg\curvediagram.obj
         .\Dbg\diagram.obj
         .\Dbg\diagramdialog.obj
         .\Dbg\diagramdialog.moc.obj
         .\Dbg\graph.obj
         .\Dbg\marker.obj
         .\Dbg\markerdialog.obj
         .\Dbg\markerdialog.moc.obj
         .\Dbg\polardiagram.obj
         .\Dbg\psdiagram.obj
         .\Dbg\rect3ddiagram.obj
         .\Dbg\rectdiagram.obj
         .\Dbg\richdiagram.obj
         .\Dbg\smithdiagram.obj
         .\Dbg\tabdiagram.obj
         .\Dbg\timingdiagram.obj
         .\Dbg\truthdiagram.obj
         libdiagrams.vcxproj -> C:\WorkFile\DoSomeThing\qucs资料\swiee0430\swiee\swiee\diagrams\.\Dbg\libdiagrams.lib
       FinalizeBuildStatus:
         正在删除文件“.\Dbg\libdiagrams.unsuccessfulbuild”。
         正在对“.\Dbg\libdiagrams.lastbuildstate”执行 Touch 任务。
     1>已完成生成项目“C:\WorkFile\DoSomeThing\qucs资料\swiee0430\swiee\swiee\diagrams\libdiagrams.vcxproj”(build 个目标)的操作。

生成成功。

已用时间 00:01:13.50
