生成启动时间为 2015/12/19 21:12:01。
     1>项目“D:\xuliang\work\EDA\qucs_vs\qucs-0.0.18\qucs\components\libcomponents.vcxproj”在节点 2 上(build 个目标)。
     1>InitializeBuildStatus:
         正在对“.\Opt\libcomponents.unsuccessfulbuild”执行 Touch 任务。
       CustomBuild:
         MOC'ing componentdialog.h ...
         MOC'ing optimizedialog.h ...
         MOC'ing spicedialog.h ...
         MOC'ing spicefile.h ...
       ClCompile:
         D:\Program Files (x86)\Microsoft Visual Studio 10.0\VC\bin\CL.exe /c /I.. /I../.. /ID:\Qt\4.8.6/include /Zi /nologo /W3 /WX- /O2 /Ob1 /Oy- /D WIN32 /D NDEBUG /D _WINDOWS /D __MINGW32__ /D __STDC__=0 /D QT_THREAD_SUPPORT /D _REENTRANT /D UNICODE /D QT_DLL /D QT_NO_DEBUG /D QT3_SUPPORT /D _VC80_UPGRADE=0x0600 /GF /Gm- /EHsc /MD /GS /Gy /fp:precise /Zc:wchar_t /Zc:forScope /Fo".\Opt\\" /Fd".\Opt\vc100.pdb" /Gd /TP /analyze- /errorReport:prompt ac_sim.cpp am_modulator.cpp ampere_ac.cpp ampere_dc.cpp ampere_noise.cpp amplifier.cpp andor4x2.cpp andor4x3.cpp andor4x4.cpp attenuator.cpp biast.cpp binarytogrey4bit.cpp bjt.cpp bjtsub.cpp bondwire.cpp bsim3v34nMOS.cpp bsim3v34pMOS.cpp bsim4v30nMOS.cpp bsim4v30pMOS.cpp capacitor.cpp cccs.cpp ccvs.cpp circulator.cpp coaxialline.cpp comp_1bit.cpp comp_2bit.cpp comp_4bit.cpp component.cpp componentdialog.cpp componentdialog.moc.cpp coplanar.cpp coupler.cpp cpwgap.cpp cpwopen.cpp cpwshort.cpp cpwstep.cpp ctline.cpp d_flipflop.cpp dc_sim.cpp dcblock.cpp dcfeed.cpp dff_SR.cpp diac.cpp digi_sim.cpp digi_source.cpp diode.cpp DLS_1ton.cpp DLS_nto1.cpp dmux2to4.cpp dmux3to8.cpp dmux4to16.cpp ecvs.cpp EKV26MOS.cpp eqndefined.cpp equation.cpp etr_sim.cpp fa1b.cpp fa2b.cpp gatedDlatch.cpp greytobinary4bit.cpp ground.cpp gyrator.cpp ha1b.cpp hb_sim.cpp HBT_X.cpp hic0_full.cpp hic2_full.cpp hicumL0V1p2.cpp hicumL0V1p2g.cpp hicumL0V1p3.cpp hicumL2V2p1.cpp hicumL2V2p23.cpp hicumL2V2p24.cpp hicumL2V2p31n.cpp hpribin4bit.cpp hybrid.cpp iexp.cpp ifile.cpp inductor.cpp iprobe.cpp ipulse.cpp irect.cpp isolator.cpp jfet.cpp jk_flipflop.cpp jkff_SR.cpp libcomp.cpp log_amp.cpp logic_0.cpp logic_1.cpp logical_and.cpp logical_buf.cpp logical_inv.cpp logical_nand.cpp logical_nor.cpp logical_or.cpp logical_xnor.cpp logical_xor.cpp MESFET.cpp mod_amp.cpp mosfet.cpp mosfet_sub.cpp mscorner.cpp mscoupled.cpp mscross.cpp msgap.cpp mslange.cpp msline.cpp msmbend.cpp msopen.cpp msrstub.cpp msstep.cpp mstee.cpp msvia.cpp mutual.cpp mutual2.cpp mux2to1.cpp mux4to1.cpp mux8to1.cpp nigbt.cpp noise_ii.cpp noise_iv.cpp noise_vv.cpp opamp.cpp opt_sim.cpp optimizedialog.cpp optimizedialog.moc.cpp pad2bit.cpp pad3bit.cpp pad4bit.cpp param_sweep.cpp phaseshifter.cpp photodiode.cpp phototransistor.cpp pm_modulator.cpp potentiometer.cpp rectline.cpp relais.cpp resistor.cpp rfedd.cpp rfedd2p.cpp rlcg.cpp rs_flipflop.cpp source_ac.cpp sp_sim.cpp sparamfile.cpp spicedialog.cpp spicedialog.moc.cpp spicefile.cpp spicefile.moc.cpp subcircuit.cpp subcirport.cpp substrate.cpp switch.cpp symtrafo.cpp tff_SR.cpp thyristor.cpp tline.cpp tline_4port.cpp tr_sim.cpp transformer.cpp triac.cpp tunneldiode.cpp twistedpair.cpp vacomponent.cpp vafile.cpp vccs.cpp vcresistor.cpp vcvs.cpp verilogfile.cpp vexp.cpp vfile.cpp vhdlfile.cpp volt_ac.cpp volt_dc.cpp volt_noise.cpp vprobe.cpp vpulse.cpp vrect.cpp
         ac_sim.cpp
         am_modulator.cpp
         ampere_ac.cpp
         ampere_dc.cpp
         ampere_noise.cpp
         amplifier.cpp
         andor4x2.cpp
         andor4x3.cpp
         andor4x4.cpp
         attenuator.cpp
         biast.cpp
         binarytogrey4bit.cpp
         bjt.cpp
         bjtsub.cpp
         bondwire.cpp
         bsim3v34nMOS.cpp
         bsim3v34pMOS.cpp
         bsim4v30nMOS.cpp
         bsim4v30pMOS.cpp
         capacitor.cpp
         正在生成代码...
         正在编译...
         cccs.cpp
         ccvs.cpp
         circulator.cpp
         coaxialline.cpp
         comp_1bit.cpp
         comp_2bit.cpp
         comp_4bit.cpp
         component.cpp
         componentdialog.cpp
         componentdialog.moc.cpp
         coplanar.cpp
         coupler.cpp
         cpwgap.cpp
         cpwopen.cpp
         cpwshort.cpp
         cpwstep.cpp
         ctline.cpp
         d_flipflop.cpp
         dc_sim.cpp
         dcblock.cpp
         正在生成代码...
         正在编译...
         dcfeed.cpp
         dff_SR.cpp
         diac.cpp
         digi_sim.cpp
         digi_source.cpp
         diode.cpp
         DLS_1ton.cpp
         DLS_nto1.cpp
         dmux2to4.cpp
         dmux3to8.cpp
         dmux4to16.cpp
         ecvs.cpp
         EKV26MOS.cpp
         eqndefined.cpp
         equation.cpp
         etr_sim.cpp
         fa1b.cpp
         fa2b.cpp
         gatedDlatch.cpp
         greytobinary4bit.cpp
         正在生成代码...
         正在编译...
         ground.cpp
         gyrator.cpp
         ha1b.cpp
         hb_sim.cpp
         HBT_X.cpp
         hic0_full.cpp
         hic2_full.cpp
         hicumL0V1p2.cpp
         hicumL0V1p2g.cpp
         hicumL0V1p3.cpp
         hicumL2V2p1.cpp
         hicumL2V2p23.cpp
         hicumL2V2p24.cpp
         hicumL2V2p31n.cpp
         hpribin4bit.cpp
         hybrid.cpp
         iexp.cpp
         ifile.cpp
         inductor.cpp
         iprobe.cpp
         正在生成代码...
         正在编译...
         ipulse.cpp
         irect.cpp
         isolator.cpp
         jfet.cpp
         jk_flipflop.cpp
         jkff_SR.cpp
         libcomp.cpp
         log_amp.cpp
         logic_0.cpp
         logic_1.cpp
         logical_and.cpp
         logical_buf.cpp
         logical_inv.cpp
         logical_nand.cpp
         logical_nor.cpp
         logical_or.cpp
         logical_xnor.cpp
         logical_xor.cpp
         MESFET.cpp
         mod_amp.cpp
         正在生成代码...
         正在编译...
         mosfet.cpp
         mosfet_sub.cpp
         mscorner.cpp
         mscoupled.cpp
         mscross.cpp
         msgap.cpp
         mslange.cpp
         msline.cpp
         msmbend.cpp
         msopen.cpp
         msrstub.cpp
         msstep.cpp
         mstee.cpp
         msvia.cpp
         mutual.cpp
         mutual2.cpp
         mux2to1.cpp
         mux4to1.cpp
         mux8to1.cpp
         nigbt.cpp
         正在生成代码...
         正在编译...
         noise_ii.cpp
         noise_iv.cpp
         noise_vv.cpp
         opamp.cpp
         opt_sim.cpp
         optimizedialog.cpp
         optimizedialog.moc.cpp
         pad2bit.cpp
         pad3bit.cpp
         pad4bit.cpp
         param_sweep.cpp
         phaseshifter.cpp
         photodiode.cpp
         phototransistor.cpp
         pm_modulator.cpp
         potentiometer.cpp
         rectline.cpp
         relais.cpp
         resistor.cpp
         rfedd.cpp
         正在生成代码...
         正在编译...
         rfedd2p.cpp
         rlcg.cpp
         rs_flipflop.cpp
         source_ac.cpp
         sp_sim.cpp
         sparamfile.cpp
         spicedialog.cpp
         spicedialog.moc.cpp
         spicefile.cpp
         spicefile.moc.cpp
         subcircuit.cpp
         subcirport.cpp
         substrate.cpp
         switch.cpp
         symtrafo.cpp
         tff_SR.cpp
         thyristor.cpp
         tline.cpp
         tline_4port.cpp
         tr_sim.cpp
         正在生成代码...
         正在编译...
         transformer.cpp
         triac.cpp
         tunneldiode.cpp
         twistedpair.cpp
         vacomponent.cpp
         vafile.cpp
         vccs.cpp
         vcresistor.cpp
         vcvs.cpp
         verilogfile.cpp
         vexp.cpp
         vfile.cpp
         vhdlfile.cpp
         volt_ac.cpp
         volt_dc.cpp
         volt_noise.cpp
         vprobe.cpp
         vpulse.cpp
         vrect.cpp
         正在生成代码...
       Lib:
         D:\Program Files (x86)\Microsoft Visual Studio 10.0\VC\bin\Lib.exe /OUT:".\Opt\libcomponents.lib" /NOLOGO .\Opt\ac_sim.obj
         .\Opt\am_modulator.obj
         .\Opt\ampere_ac.obj
         .\Opt\ampere_dc.obj
         .\Opt\ampere_noise.obj
         .\Opt\amplifier.obj
         .\Opt\andor4x2.obj
         .\Opt\andor4x3.obj
         .\Opt\andor4x4.obj
         .\Opt\attenuator.obj
         .\Opt\biast.obj
         .\Opt\binarytogrey4bit.obj
         .\Opt\bjt.obj
         .\Opt\bjtsub.obj
         .\Opt\bondwire.obj
         .\Opt\bsim3v34nMOS.obj
         .\Opt\bsim3v34pMOS.obj
         .\Opt\bsim4v30nMOS.obj
         .\Opt\bsim4v30pMOS.obj
         .\Opt\capacitor.obj
         .\Opt\cccs.obj
         .\Opt\ccvs.obj
         .\Opt\circulator.obj
         .\Opt\coaxialline.obj
         .\Opt\comp_1bit.obj
         .\Opt\comp_2bit.obj
         .\Opt\comp_4bit.obj
         .\Opt\component.obj
         .\Opt\componentdialog.obj
         .\Opt\componentdialog.moc.obj
         .\Opt\coplanar.obj
         .\Opt\coupler.obj
         .\Opt\cpwgap.obj
         .\Opt\cpwopen.obj
         .\Opt\cpwshort.obj
         .\Opt\cpwstep.obj
         .\Opt\ctline.obj
         .\Opt\d_flipflop.obj
         .\Opt\dc_sim.obj
         .\Opt\dcblock.obj
         .\Opt\dcfeed.obj
         .\Opt\dff_SR.obj
         .\Opt\diac.obj
         .\Opt\digi_sim.obj
         .\Opt\digi_source.obj
         .\Opt\diode.obj
         .\Opt\DLS_1ton.obj
         .\Opt\DLS_nto1.obj
         .\Opt\dmux2to4.obj
         .\Opt\dmux3to8.obj
         .\Opt\dmux4to16.obj
         .\Opt\ecvs.obj
         .\Opt\EKV26MOS.obj
         .\Opt\eqndefined.obj
         .\Opt\equation.obj
         .\Opt\etr_sim.obj
         .\Opt\fa1b.obj
         .\Opt\fa2b.obj
         .\Opt\gatedDlatch.obj
         .\Opt\greytobinary4bit.obj
         .\Opt\ground.obj
         .\Opt\gyrator.obj
         .\Opt\ha1b.obj
         .\Opt\hb_sim.obj
         .\Opt\HBT_X.obj
         .\Opt\hic0_full.obj
         .\Opt\hic2_full.obj
         .\Opt\hicumL0V1p2.obj
         .\Opt\hicumL0V1p2g.obj
         .\Opt\hicumL0V1p3.obj
         .\Opt\hicumL2V2p1.obj
         .\Opt\hicumL2V2p23.obj
         .\Opt\hicumL2V2p24.obj
         .\Opt\hicumL2V2p31n.obj
         .\Opt\hpribin4bit.obj
         .\Opt\hybrid.obj
         .\Opt\iexp.obj
         .\Opt\ifile.obj
         .\Opt\inductor.obj
         .\Opt\iprobe.obj
         .\Opt\ipulse.obj
         .\Opt\irect.obj
         .\Opt\isolator.obj
         .\Opt\jfet.obj
         .\Opt\jk_flipflop.obj
         .\Opt\jkff_SR.obj
         .\Opt\libcomp.obj
         .\Opt\log_amp.obj
         .\Opt\logic_0.obj
         .\Opt\logic_1.obj
         .\Opt\logical_and.obj
         .\Opt\logical_buf.obj
         .\Opt\logical_inv.obj
         .\Opt\logical_nand.obj
         .\Opt\logical_nor.obj
         .\Opt\logical_or.obj
         .\Opt\logical_xnor.obj
         .\Opt\logical_xor.obj
         .\Opt\MESFET.obj
         .\Opt\mod_amp.obj
         .\Opt\mosfet.obj
         .\Opt\mosfet_sub.obj
         .\Opt\mscorner.obj
         .\Opt\mscoupled.obj
         .\Opt\mscross.obj
         .\Opt\msgap.obj
         .\Opt\mslange.obj
         .\Opt\msline.obj
         .\Opt\msmbend.obj
         .\Opt\msopen.obj
         .\Opt\msrstub.obj
         .\Opt\msstep.obj
         .\Opt\mstee.obj
         .\Opt\msvia.obj
         .\Opt\mutual.obj
         .\Opt\mutual2.obj
         .\Opt\mux2to1.obj
         .\Opt\mux4to1.obj
         .\Opt\mux8to1.obj
         .\Opt\nigbt.obj
         .\Opt\noise_ii.obj
         .\Opt\noise_iv.obj
         .\Opt\noise_vv.obj
         .\Opt\opamp.obj
         .\Opt\opt_sim.obj
         .\Opt\optimizedialog.obj
         .\Opt\optimizedialog.moc.obj
         .\Opt\pad2bit.obj
         .\Opt\pad3bit.obj
         .\Opt\pad4bit.obj
         .\Opt\param_sweep.obj
         .\Opt\phaseshifter.obj
         .\Opt\photodiode.obj
         .\Opt\phototransistor.obj
         .\Opt\pm_modulator.obj
         .\Opt\potentiometer.obj
         .\Opt\rectline.obj
         .\Opt\relais.obj
         .\Opt\resistor.obj
         .\Opt\rfedd.obj
         .\Opt\rfedd2p.obj
         .\Opt\rlcg.obj
         .\Opt\rs_flipflop.obj
         .\Opt\source_ac.obj
         .\Opt\sp_sim.obj
         .\Opt\sparamfile.obj
         .\Opt\spicedialog.obj
         .\Opt\spicedialog.moc.obj
         .\Opt\spicefile.obj
         .\Opt\spicefile.moc.obj
         .\Opt\subcircuit.obj
         .\Opt\subcirport.obj
         .\Opt\substrate.obj
         .\Opt\switch.obj
         .\Opt\symtrafo.obj
         .\Opt\tff_SR.obj
         .\Opt\thyristor.obj
         .\Opt\tline.obj
         .\Opt\tline_4port.obj
         .\Opt\tr_sim.obj
         .\Opt\transformer.obj
         .\Opt\triac.obj
         .\Opt\tunneldiode.obj
         .\Opt\twistedpair.obj
         .\Opt\vacomponent.obj
         .\Opt\vafile.obj
         .\Opt\vccs.obj
         .\Opt\vcresistor.obj
         .\Opt\vcvs.obj
         .\Opt\verilogfile.obj
         .\Opt\vexp.obj
         .\Opt\vfile.obj
         .\Opt\vhdlfile.obj
         .\Opt\volt_ac.obj
         .\Opt\volt_dc.obj
         .\Opt\volt_noise.obj
         .\Opt\vprobe.obj
         .\Opt\vpulse.obj
         .\Opt\vrect.obj
         libcomponents.vcxproj -> D:\xuliang\work\EDA\qucs_vs\qucs-0.0.18\qucs\components\.\Opt\libcomponents.lib
       FinalizeBuildStatus:
         正在删除文件“.\Opt\libcomponents.unsuccessfulbuild”。
         正在对“.\Opt\libcomponents.lastbuildstate”执行 Touch 任务。
     1>已完成生成项目“D:\xuliang\work\EDA\qucs_vs\qucs-0.0.18\qucs\components\libcomponents.vcxproj”(build 个目标)的操作。

生成成功。

已用时间 00:08:18.38
