.\Dbg\swiee.ilk
.\Dbg\swiee.pdb
C:\WorkFile\DoSomeThing\qucs资料\swiee0430\swiee\swiee\.\Dbg\swiee.exe
C:\WORKFILE\DOSOMETHING\QUCS资料\SWIEE0430\SWIEE\SWIEE\.MOC.CPP
C:\WorkFile\DoSomeThing\qucs资料\swiee0430\swiee\swiee\Dbg\cl.command.1.tlog
C:\WorkFile\DoSomeThing\qucs资料\swiee0430\swiee\swiee\Dbg\CL.read.1.tlog
C:\WorkFile\DoSomeThing\qucs资料\swiee0430\swiee\swiee\Dbg\CL.write.1.tlog
C:\WorkFile\DoSomeThing\qucs资料\swiee0430\swiee\swiee\Dbg\custombuild.command.1.tlog
C:\WorkFile\DoSomeThing\qucs资料\swiee0430\swiee\swiee\Dbg\custombuild.read.1.tlog
C:\WorkFile\DoSomeThing\qucs资料\swiee0430\swiee\swiee\Dbg\custombuild.write.1.tlog
C:\WORKFILE\DOSOMETHING\QUCS资料\SWIEE0430\SWIEE\SWIEE\DBG\ELEMENT.OBJ
C:\WorkFile\DoSomeThing\qucs资料\swiee0430\swiee\swiee\Dbg\link.16268.read.1.tlog
C:\WorkFile\DoSomeThing\qucs资料\swiee0430\swiee\swiee\Dbg\link.16268.write.1.tlog
C:\WorkFile\DoSomeThing\qucs资料\swiee0430\swiee\swiee\Dbg\link.16268-cvtres.read.1.tlog
C:\WorkFile\DoSomeThing\qucs资料\swiee0430\swiee\swiee\Dbg\link.16268-cvtres.write.1.tlog
C:\WorkFile\DoSomeThing\qucs资料\swiee0430\swiee\swiee\Dbg\link.16872.read.1.tlog
C:\WorkFile\DoSomeThing\qucs资料\swiee0430\swiee\swiee\Dbg\link.16872.write.1.tlog
C:\WorkFile\DoSomeThing\qucs资料\swiee0430\swiee\swiee\Dbg\link.16872-cvtres.read.1.tlog
C:\WorkFile\DoSomeThing\qucs资料\swiee0430\swiee\swiee\Dbg\link.16872-cvtres.write.1.tlog
C:\WorkFile\DoSomeThing\qucs资料\swiee0430\swiee\swiee\Dbg\link.18600.read.1.tlog
C:\WorkFile\DoSomeThing\qucs资料\swiee0430\swiee\swiee\Dbg\link.18600.write.1.tlog
C:\WorkFile\DoSomeThing\qucs资料\swiee0430\swiee\swiee\Dbg\link.18600-cvtres.read.1.tlog
C:\WorkFile\DoSomeThing\qucs资料\swiee0430\swiee\swiee\Dbg\link.18600-cvtres.write.1.tlog
C:\WorkFile\DoSomeThing\qucs资料\swiee0430\swiee\swiee\Dbg\link.20316.read.1.tlog
C:\WorkFile\DoSomeThing\qucs资料\swiee0430\swiee\swiee\Dbg\link.20316.write.1.tlog
C:\WorkFile\DoSomeThing\qucs资料\swiee0430\swiee\swiee\Dbg\link.20316-cvtres.read.1.tlog
C:\WorkFile\DoSomeThing\qucs资料\swiee0430\swiee\swiee\Dbg\link.20316-cvtres.write.1.tlog
C:\WorkFile\DoSomeThing\qucs资料\swiee0430\swiee\swiee\Dbg\link.command.1.tlog
C:\WorkFile\DoSomeThing\qucs资料\swiee0430\swiee\swiee\Dbg\link.read.1.tlog
C:\WorkFile\DoSomeThing\qucs资料\swiee0430\swiee\swiee\Dbg\link.write.1.tlog
C:\WorkFile\DoSomeThing\qucs资料\swiee0430\swiee\swiee\Dbg\link-cvtres.read.1.tlog
C:\WorkFile\DoSomeThing\qucs资料\swiee0430\swiee\swiee\Dbg\link-cvtres.write.1.tlog
C:\WORKFILE\DOSOMETHING\QUCS资料\SWIEE0430\SWIEE\SWIEE\DBG\MAIN.OBJ
C:\WORKFILE\DOSOMETHING\QUCS资料\SWIEE0430\SWIEE\SWIEE\DBG\MESSAGEDOCK.MOC.OBJ
C:\WORKFILE\DOSOMETHING\QUCS资料\SWIEE0430\SWIEE\SWIEE\DBG\MESSAGEDOCK.OBJ
C:\WORKFILE\DOSOMETHING\QUCS资料\SWIEE0430\SWIEE\SWIEE\DBG\MNEMO.OBJ
C:\WORKFILE\DOSOMETHING\QUCS资料\SWIEE0430\SWIEE\SWIEE\DBG\MODULE.OBJ
C:\WORKFILE\DOSOMETHING\QUCS资料\SWIEE0430\SWIEE\SWIEE\DBG\MOUSEACTIONS.OBJ
C:\WORKFILE\DOSOMETHING\QUCS资料\SWIEE0430\SWIEE\SWIEE\DBG\NODE.OBJ
C:\WORKFILE\DOSOMETHING\QUCS资料\SWIEE0430\SWIEE\SWIEE\DBG\OCTAVE_WINDOW.MOC.OBJ
C:\WORKFILE\DOSOMETHING\QUCS资料\SWIEE0430\SWIEE\SWIEE\DBG\OCTAVE_WINDOW.OBJ
C:\WORKFILE\DOSOMETHING\QUCS资料\SWIEE0430\SWIEE\SWIEE\DBG\QRC_SWIEE.OBJ
C:\WorkFile\DoSomeThing\qucs资料\swiee0430\swiee\swiee\Dbg\rc.command.1.tlog
C:\WorkFile\DoSomeThing\qucs资料\swiee0430\swiee\swiee\Dbg\rc.read.1.tlog
C:\WorkFile\DoSomeThing\qucs资料\swiee0430\swiee\swiee\Dbg\rc.write.1.tlog
C:\WORKFILE\DOSOMETHING\QUCS资料\SWIEE0430\SWIEE\SWIEE\DBG\SCHEMATIC.MOC.OBJ
C:\WORKFILE\DOSOMETHING\QUCS资料\SWIEE0430\SWIEE\SWIEE\DBG\SCHEMATIC.OBJ
C:\WORKFILE\DOSOMETHING\QUCS资料\SWIEE0430\SWIEE\SWIEE\DBG\SCHEMATIC_ELEMENT.OBJ
C:\WORKFILE\DOSOMETHING\QUCS资料\SWIEE0430\SWIEE\SWIEE\DBG\SCHEMATIC_FILE.OBJ
C:\WORKFILE\DOSOMETHING\QUCS资料\SWIEE0430\SWIEE\SWIEE\DBG\SWIEE.EXE
C:\WORKFILE\DOSOMETHING\QUCS资料\SWIEE0430\SWIEE\SWIEE\DBG\SWIEE.ILK
C:\WORKFILE\DOSOMETHING\QUCS资料\SWIEE0430\SWIEE\SWIEE\DBG\SWIEE.MOC.OBJ
C:\WORKFILE\DOSOMETHING\QUCS资料\SWIEE0430\SWIEE\SWIEE\DBG\SWIEE.OBJ
C:\WORKFILE\DOSOMETHING\QUCS资料\SWIEE0430\SWIEE\SWIEE\DBG\SWIEE.PDB
C:\WORKFILE\DOSOMETHING\QUCS资料\SWIEE0430\SWIEE\SWIEE\DBG\SWIEE.RES
C:\WorkFile\DoSomeThing\qucs资料\swiee0430\swiee\swiee\Dbg\swiee.vcxprojResolveAssemblyReference.cache
C:\WorkFile\DoSomeThing\qucs资料\swiee0430\swiee\swiee\Dbg\swiee.write.1.tlog
C:\WORKFILE\DOSOMETHING\QUCS资料\SWIEE0430\SWIEE\SWIEE\DBG\SWIEE_ACTIONS.OBJ
C:\WORKFILE\DOSOMETHING\QUCS资料\SWIEE0430\SWIEE\SWIEE\DBG\SWIEE_INIT.OBJ
C:\WORKFILE\DOSOMETHING\QUCS资料\SWIEE0430\SWIEE\SWIEE\DBG\SWIEEDOC.OBJ
C:\WORKFILE\DOSOMETHING\QUCS资料\SWIEE0430\SWIEE\SWIEE\DBG\SWIEELABEL.MOC.OBJ
C:\WORKFILE\DOSOMETHING\QUCS资料\SWIEE0430\SWIEE\SWIEE\DBG\SWIEELABEL.OBJ
C:\WORKFILE\DOSOMETHING\QUCS资料\SWIEE0430\SWIEE\SWIEE\DBG\SYNTAX.OBJ
C:\WORKFILE\DOSOMETHING\QUCS资料\SWIEE0430\SWIEE\SWIEE\DBG\TEXTDOC.MOC.OBJ
C:\WORKFILE\DOSOMETHING\QUCS资料\SWIEE0430\SWIEE\SWIEE\DBG\TEXTDOC.OBJ
C:\WorkFile\DoSomeThing\qucs资料\swiee0430\swiee\swiee\Dbg\vc100.idb
C:\WORKFILE\DOSOMETHING\QUCS资料\SWIEE0430\SWIEE\SWIEE\DBG\VC100.PDB
C:\WORKFILE\DOSOMETHING\QUCS资料\SWIEE0430\SWIEE\SWIEE\DBG\VIEWPAINTER.OBJ
C:\WORKFILE\DOSOMETHING\QUCS资料\SWIEE0430\SWIEE\SWIEE\DBG\WIRE.OBJ
C:\WORKFILE\DOSOMETHING\QUCS资料\SWIEE0430\SWIEE\SWIEE\DBG\WIRELABEL.OBJ
