生成启动时间为 2016/6/3 23:10:32。
     1>项目“D:\项目类\【2016年4月】电子科大\swiee523\swiee\swiee.vcxproj”在节点 2 上(build 个目标)。
     1>InitializeBuildStatus:
         正在创建“.\Dbg\swiee.unsuccessfulbuild”，因为已指定“AlwaysCreate”。
       CustomBuild:
         MOC'ing octave_window.h ...
         MOC'ing swiee.h ...
         MOC'ing schematic.h ...
         MOC'ing textdoc.h ...
         MOC'ing messagedock.h ...
         MOC'ing swieelabel.h ...
       ClCompile:
         d:\Program Files (x86)\Microsoft Visual Studio 10.0\VC\bin\CL.exe /c /I.. /I../.. /I"C:\Program Files (x86)\Developer Machines\QtitanRibbon Demo\include" /ZI /nologo /W3 /WX- /Od /Oy- /D WIN32 /D _DEBUG /D _CONSOLE /D __MINGW32__ /D __STDC__=0 /D QT_THREAD_SUPPORT /D _REENTRANT /D UNICODE /D QT_DLL /D DEBUG /D QT3_SUPPORT /D "PACKAGE_VERSION=\"0.0.18\"" /D _VC80_UPGRADE=0x0600 /D _MBCS /Gm- /EHsc /MDd /GS /Gy- /fp:precise /Zc:wchar_t /Zc:forScope /Fo".\Dbg\\" /Fd".\Dbg\vc100.pdb" /Gd /TP /analyze- /errorReport:prompt messagedock.moc.cpp octave_window.moc.cpp schematic.moc.cpp swiee.moc.cpp swieeLabel.moc.cpp textdoc.moc.cpp
         messagedock.moc.cpp
         octave_window.moc.cpp
         schematic.moc.cpp
         swiee.moc.cpp
         swieeLabel.moc.cpp
         textdoc.moc.cpp
         正在生成代码...
       ResourceCompile:
         所有输出均为最新。
       Link:
         d:\Program Files (x86)\Microsoft Visual Studio 10.0\VC\bin\link.exe /ERRORREPORT:PROMPT /OUT:".\Dbg\swiee.exe" /INCREMENTAL /NOLOGO /LIBPATH:C:\Qt\4.8.6/lib components/dbg/libcomponents.lib diagrams/dbg/libdiagrams.lib paintings/dbg/libpaintings.lib dialogs/dbg/libdialogs.lib qtmaind.lib QtGuid4.lib QtCored4.lib Qt3Supportd4.lib QtSvgd4.lib QtXmld4.lib QtScriptd4.lib kernel32.lib user32.lib gdi32.lib winspool.lib comdlg32.lib advapi32.lib shell32.lib ole32.lib oleaut32.lib uuid.lib odbc32.lib odbccp32.lib /NODEFAULTLIB:msvcrt.lib /NODEFAULTLIB:libcmtd.lib /MANIFEST:NO /DEBUG /PDB:"D:\项目类\【2016年4月】电子科大\swiee523\swiee\Dbg\swiee.pdb" /SUBSYSTEM:WINDOWS /TLBID:1 /DYNAMICBASE /NXCOMPAT /IMPLIB:".\Dbg\swiee.lib" /MACHINE:X86 .\Dbg\swiee.res
         .\Dbg\element.obj
         .\Dbg\main.obj
         .\Dbg\messagedock.obj
         .\Dbg\messagedock.moc.obj
         .\Dbg\mnemo.obj
         .\Dbg\module.obj
         .\Dbg\mouseactions.obj
         .\Dbg\node.obj
         .\Dbg\octave_window.obj
         .\Dbg\octave_window.moc.obj
         .\Dbg\qrc_swiee.obj
         .\Dbg\swiee.moc.obj
         .\Dbg\schematic.obj
         .\Dbg\schematic.moc.obj
         .\Dbg\schematic_element.obj
         .\Dbg\schematic_file.obj
         .\Dbg\swiee.obj
         .\Dbg\swieedoc.obj
         .\Dbg\swieeLabel.obj
         .\Dbg\swieeLabel.moc.obj
         .\Dbg\swiee_actions.obj
         .\Dbg\swiee_init.obj
         .\Dbg\syntax.obj
         .\Dbg\textdoc.obj
         .\Dbg\textdoc.moc.obj
         .\Dbg\viewpainter.obj
         .\Dbg\wire.obj
         .\Dbg\wirelabel.obj
         swiee.vcxproj -> D:\项目类\【2016年4月】电子科大\swiee523\swiee\.\Dbg\swiee.exe
       FinalizeBuildStatus:
         正在删除文件“.\Dbg\swiee.unsuccessfulbuild”。
         正在对“.\Dbg\swiee.lastbuildstate”执行 Touch 任务。
     1>已完成生成项目“D:\项目类\【2016年4月】电子科大\swiee523\swiee\swiee.vcxproj”(build 个目标)的操作。

生成成功。

已用时间 00:00:09.00
