生成启动时间为 2016/5/14 16:29:37。
     1>项目“C:\WorkFile\DoSomeThing\qucs资料\swiee0430\swiee\swiee\components\libcomponents.vcxproj”在节点 4 上(build 个目标)。
     1>InitializeBuildStatus:
         正在创建“.\Dbg\libcomponents.unsuccessfulbuild”，因为已指定“AlwaysCreate”。
       CustomBuild:
         MOC'ing componentdialog.h ...
         MOC'ing optimizedialog.h ...
         MOC'ing spicedialog.h ...
         MOC'ing spicefile.h ...
       ClCompile:
         d:\Program Files (x86)\Microsoft Visual Studio 10.0\VC\bin\CL.exe /c /I.. /I../.. /ZI /nologo /W3 /WX- /Od /Oy- /D WIN32 /D _DEBUG /D _WINDOWS /D __MINGW32__ /D __STDC__=0 /D QT_THREAD_SUPPORT /D _REENTRANT /D UNICODE /D QT_DLL /D DEBUG /D QT3_SUPPORT /D _VC80_UPGRADE=0x0600 /Gm- /EHsc /MTd /GS /Gy- /fp:precise /Zc:wchar_t /Zc:forScope /Fo".\Dbg\\" /Fd".\Dbg\vc100.pdb" /Gd /TP /analyze- /errorReport:prompt component.cpp componentdialog.cpp componentdialog.moc.cpp libcomp.cpp optimizedialog.moc.cpp spicedialog.cpp spicedialog.moc.cpp spicefile.cpp spicefile.moc.cpp subcircuit.cpp verilogfile.cpp vhdlfile.cpp
         component.cpp
         componentdialog.cpp
         componentdialog.moc.cpp
         libcomp.cpp
         optimizedialog.moc.cpp
         spicedialog.cpp
         spicedialog.moc.cpp
         spicefile.cpp
         spicefile.moc.cpp
         subcircuit.cpp
         verilogfile.cpp
         vhdlfile.cpp
         正在生成代码...
       Lib:
         d:\Program Files (x86)\Microsoft Visual Studio 10.0\VC\bin\Lib.exe /OUT:".\Dbg\libcomponents.lib" /NOLOGO .\Dbg\ac_sim.obj
         .\Dbg\am_modulator.obj
         .\Dbg\ampere_ac.obj
         .\Dbg\ampere_dc.obj
         .\Dbg\ampere_noise.obj
         .\Dbg\amplifier.obj
         .\Dbg\andor4x2.obj
         .\Dbg\andor4x3.obj
         .\Dbg\andor4x4.obj
         .\Dbg\attenuator.obj
         .\Dbg\biast.obj
         .\Dbg\binarytogrey4bit.obj
         .\Dbg\bjt.obj
         .\Dbg\bjtsub.obj
         .\Dbg\bondwire.obj
         .\Dbg\bsim3v34nMOS.obj
         .\Dbg\bsim3v34pMOS.obj
         .\Dbg\bsim4v30nMOS.obj
         .\Dbg\bsim4v30pMOS.obj
         .\Dbg\capacitor.obj
         .\Dbg\cccs.obj
         .\Dbg\ccvs.obj
         .\Dbg\circulator.obj
         .\Dbg\coaxialline.obj
         .\Dbg\comp_1bit.obj
         .\Dbg\comp_2bit.obj
         .\Dbg\comp_4bit.obj
         .\Dbg\component.obj
         .\Dbg\componentdialog.obj
         .\Dbg\componentdialog.moc.obj
         .\Dbg\coplanar.obj
         .\Dbg\coupler.obj
         .\Dbg\cpwgap.obj
         .\Dbg\cpwopen.obj
         .\Dbg\cpwshort.obj
         .\Dbg\cpwstep.obj
         .\Dbg\ctline.obj
         .\Dbg\d_flipflop.obj
         .\Dbg\dc_sim.obj
         .\Dbg\dcblock.obj
         .\Dbg\dcfeed.obj
         .\Dbg\dff_SR.obj
         .\Dbg\diac.obj
         .\Dbg\digi_sim.obj
         .\Dbg\digi_source.obj
         .\Dbg\diode.obj
         .\Dbg\DLS_1ton.obj
         .\Dbg\DLS_nto1.obj
         .\Dbg\dmux2to4.obj
         .\Dbg\dmux3to8.obj
         .\Dbg\dmux4to16.obj
         .\Dbg\ecvs.obj
         .\Dbg\EKV26MOS.obj
         .\Dbg\eqndefined.obj
         .\Dbg\equation.obj
         .\Dbg\etr_sim.obj
         .\Dbg\fa1b.obj
         .\Dbg\fa2b.obj
         .\Dbg\gatedDlatch.obj
         .\Dbg\greytobinary4bit.obj
         .\Dbg\ground.obj
         .\Dbg\gyrator.obj
         .\Dbg\ha1b.obj
         .\Dbg\hb_sim.obj
         .\Dbg\HBT_X.obj
         .\Dbg\hic0_full.obj
         .\Dbg\hic2_full.obj
         .\Dbg\hicumL0V1p2.obj
         .\Dbg\hicumL0V1p2g.obj
         .\Dbg\hicumL0V1p3.obj
         .\Dbg\hicumL2V2p1.obj
         .\Dbg\hicumL2V2p23.obj
         .\Dbg\hicumL2V2p24.obj
         .\Dbg\hicumL2V2p31n.obj
         .\Dbg\hpribin4bit.obj
         .\Dbg\hybrid.obj
         .\Dbg\iexp.obj
         .\Dbg\ifile.obj
         .\Dbg\inductor.obj
         .\Dbg\iprobe.obj
         .\Dbg\ipulse.obj
         .\Dbg\irect.obj
         .\Dbg\isolator.obj
         .\Dbg\jfet.obj
         .\Dbg\jk_flipflop.obj
         .\Dbg\jkff_SR.obj
         .\Dbg\libcomp.obj
         .\Dbg\log_amp.obj
         .\Dbg\logic_0.obj
         .\Dbg\logic_1.obj
         .\Dbg\logical_and.obj
         .\Dbg\logical_buf.obj
         .\Dbg\logical_inv.obj
         .\Dbg\logical_nand.obj
         .\Dbg\logical_nor.obj
         .\Dbg\logical_or.obj
         .\Dbg\logical_xnor.obj
         .\Dbg\logical_xor.obj
         .\Dbg\MESFET.obj
         .\Dbg\mod_amp.obj
         .\Dbg\mosfet.obj
         .\Dbg\mosfet_sub.obj
         .\Dbg\mscorner.obj
         .\Dbg\mscoupled.obj
         .\Dbg\mscross.obj
         .\Dbg\msgap.obj
         .\Dbg\mslange.obj
         .\Dbg\msline.obj
         .\Dbg\msmbend.obj
         .\Dbg\msopen.obj
         .\Dbg\msrstub.obj
         .\Dbg\msstep.obj
         .\Dbg\mstee.obj
         .\Dbg\msvia.obj
         .\Dbg\mutual.obj
         .\Dbg\mutual2.obj
         .\Dbg\mux2to1.obj
         .\Dbg\mux4to1.obj
         .\Dbg\mux8to1.obj
         .\Dbg\nigbt.obj
         .\Dbg\noise_ii.obj
         .\Dbg\noise_iv.obj
         .\Dbg\noise_vv.obj
         .\Dbg\opamp.obj
         .\Dbg\opt_sim.obj
         .\Dbg\optimizedialog.obj
         .\Dbg\optimizedialog.moc.obj
         .\Dbg\pad2bit.obj
         .\Dbg\pad3bit.obj
         .\Dbg\pad4bit.obj
         .\Dbg\param_sweep.obj
         .\Dbg\phaseshifter.obj
         .\Dbg\photodiode.obj
         .\Dbg\phototransistor.obj
         .\Dbg\pm_modulator.obj
         .\Dbg\potentiometer.obj
         .\Dbg\rectline.obj
         .\Dbg\relais.obj
         .\Dbg\resistor.obj
         .\Dbg\rfedd.obj
         .\Dbg\rfedd2p.obj
         .\Dbg\rlcg.obj
         .\Dbg\rs_flipflop.obj
         .\Dbg\source_ac.obj
         .\Dbg\sp_sim.obj
         .\Dbg\sparamfile.obj
         .\Dbg\spicedialog.obj
         .\Dbg\spicedialog.moc.obj
         .\Dbg\spicefile.obj
         .\Dbg\spicefile.moc.obj
         .\Dbg\subcircuit.obj
         .\Dbg\subcirport.obj
         .\Dbg\substrate.obj
         .\Dbg\switch.obj
         .\Dbg\symtrafo.obj
         .\Dbg\tff_SR.obj
         .\Dbg\thyristor.obj
         .\Dbg\tline.obj
         .\Dbg\tline_4port.obj
         .\Dbg\tr_sim.obj
         .\Dbg\transformer.obj
         .\Dbg\triac.obj
         .\Dbg\tunneldiode.obj
         .\Dbg\twistedpair.obj
         .\Dbg\vacomponent.obj
         .\Dbg\vafile.obj
         .\Dbg\vccs.obj
         .\Dbg\vcresistor.obj
         .\Dbg\vcvs.obj
         .\Dbg\verilogfile.obj
         .\Dbg\vexp.obj
         .\Dbg\vfile.obj
         .\Dbg\vhdlfile.obj
         .\Dbg\volt_ac.obj
         .\Dbg\volt_dc.obj
         .\Dbg\volt_noise.obj
         .\Dbg\vprobe.obj
         .\Dbg\vpulse.obj
         .\Dbg\vrect.obj
         libcomponents.vcxproj -> C:\WorkFile\DoSomeThing\qucs资料\swiee0430\swiee\swiee\components\.\Dbg\libcomponents.lib
       FinalizeBuildStatus:
         正在删除文件“.\Dbg\libcomponents.unsuccessfulbuild”。
         正在对“.\Dbg\libcomponents.lastbuildstate”执行 Touch 任务。
     1>已完成生成项目“C:\WorkFile\DoSomeThing\qucs资料\swiee0430\swiee\swiee\components\libcomponents.vcxproj”(build 个目标)的操作。

生成成功。

已用时间 00:01:04.04
